INFO:     Will watch for changes in these directories: ['/home/shawn/APP_DEV/Fitness Agent']
INFO:     Uvicorn running on http://0.0.0.0:8000 (Press CTRL+C to quit)
INFO:     Started reloader process [11079] using StatReload
Process SpawnProcess-1:
Traceback (most recent call last):
  File "/usr/lib64/python3.14/multiprocessing/process.py", line 320, in _bootstrap
    self.run()
    ~~~~~~~~^^
  File "/usr/lib64/python3.14/multiprocessing/process.py", line 108, in run
    self._target(*self._args, **self._kwargs)
    ~~~~~~~~~~~~^^^^^^^^^^^^^^^^^^^^^^^^^^^^^
  File "/home/shawn/APP_DEV/Fitness Agent/.venv_local/lib64/python3.14/site-packages/uvicorn/_subprocess.py", line 80, in subprocess_started
    target(sockets=sockets)
    ~~~~~~^^^^^^^^^^^^^^^^^
  File "/home/shawn/APP_DEV/Fitness Agent/.venv_local/lib64/python3.14/site-packages/uvicorn/server.py", line 67, in run
    return asyncio_run(self.serve(sockets=sockets), loop_factory=self.config.get_loop_factory())
  File "/usr/lib64/python3.14/asyncio/runners.py", line 204, in run
    return runner.run(main)
           ~~~~~~~~~~^^^^^^
  File "/usr/lib64/python3.14/asyncio/runners.py", line 127, in run
    return self._loop.run_until_complete(task)
           ~~~~~~~~~~~~~~~~~~~~~~~~~~~~~^^^^^^
  File "/usr/lib64/python3.14/asyncio/base_events.py", line 719, in run_until_complete
    return future.result()
           ~~~~~~~~~~~~~^^
  File "/home/shawn/APP_DEV/Fitness Agent/.venv_local/lib64/python3.14/site-packages/uvicorn/server.py", line 71, in serve
    await self._serve(sockets)
  File "/home/shawn/APP_DEV/Fitness Agent/.venv_local/lib64/python3.14/site-packages/uvicorn/server.py", line 78, in _serve
    config.load()
    ~~~~~~~~~~~^^
  File "/home/shawn/APP_DEV/Fitness Agent/.venv_local/lib64/python3.14/site-packages/uvicorn/config.py", line 439, in load
    self.loaded_app = import_from_string(self.app)
                      ~~~~~~~~~~~~~~~~~~^^^^^^^^^^
  File "/home/shawn/APP_DEV/Fitness Agent/.venv_local/lib64/python3.14/site-packages/uvicorn/importer.py", line 22, in import_from_string
    raise exc from None
  File "/home/shawn/APP_DEV/Fitness Agent/.venv_local/lib64/python3.14/site-packages/uvicorn/importer.py", line 19, in import_from_string
    module = importlib.import_module(module_str)
  File "/usr/lib64/python3.14/importlib/__init__.py", line 88, in import_module
    return _bootstrap._gcd_import(name[level:], package, level)
           ~~~~~~~~~~~~~~~~~~~~~~^^^^^^^^^^^^^^^^^^^^^^^^^^^^^^
  File "<frozen importlib._bootstrap>", line 1398, in _gcd_import
  File "<frozen importlib._bootstrap>", line 1371, in _find_and_load
  File "<frozen importlib._bootstrap>", line 1342, in _find_and_load_unlocked
  File "<frozen importlib._bootstrap>", line 938, in _load_unlocked
  File "<frozen importlib._bootstrap_external>", line 762, in exec_module
  File "<frozen importlib._bootstrap>", line 491, in _call_with_frames_removed
  File "/home/shawn/APP_DEV/Fitness Agent/applications/backend/python_fastapi_server/main.py", line 5, in <module>
    from ai_engine import AIFitnessEngine
ModuleNotFoundError: No module named 'ai_engine'
INFO:     Stopping reloader process [11079]
